<?xml version="1.0" encoding="UTF-8"?>
<!-- Generated by org.testng.reporters.JUnitXMLReporter -->
<testsuite ignored="0" hostname="aziz-aouadi" failures="1" tests="6" name="Command line test" time="18.791" errors="0" timestamp="2023-11-16T10:28:48 WEST">
  <testcase classname="test.HomePageTest" name="FilterAToZ" time="0.137">
    <failure type="org.openqa.selenium.InvalidSelectorException" message="Compound class names not permitted
For documentation on this error, please visit: https://www.selenium.dev/documentation/webdriver/troubleshooting/errors#invalid-selector-exception
Build info: version: &amp;apos;4.15.0&amp;apos;, revision: &amp;apos;1d14b5521b&amp;apos;
System info: os.name: &amp;apos;Windows 10&amp;apos;, os.arch: &amp;apos;amd64&amp;apos;, os.version: &amp;apos;10.0&amp;apos;, java.version: &amp;apos;17.0.6&amp;apos;
Driver info: driver.version: unknown">
      <![CDATA[org.openqa.selenium.InvalidSelectorException: Compound class names not permitted
For documentation on this error, please visit: https://www.selenium.dev/documentation/webdriver/troubleshooting/errors#invalid-selector-exception
Build info: version: '4.15.0', revision: '1d14b5521b'
System info: os.name: 'Windows 10', os.arch: 'amd64', os.version: '10.0', java.version: '17.0.6'
Driver info: driver.version: unknown
at org.openqa.selenium.By$ByClassName.<init>(By.java:309)
at org.openqa.selenium.By.className(By.java:100)
at POM.HomePage.FilterAToZ(HomePage.java:27)
at test.HomePageTest.FilterAToZ(HomePageTest.java:41)
at java.base/java.util.ArrayList.forEach(ArrayList.java:1511)
... Removed 37 stack frames]]>
    </failure>
  </testcase> <!-- FilterAToZ -->
  <testcase classname="test.HomePageTest" name="UIHomePage" time="0.149"/>
  <testcase classname="test.LoginTest" name="EmptyFields" time="0.712"/>
  <testcase classname="test.LoginTest" name="FailTologin" time="0.428"/>
  <testcase classname="test.LoginTest" name="SuccesTologin" time="0.765"/>
  <testcase classname="test.LoginTest" name="UItest" time="0.167"/>
</testsuite> <!-- Command line test -->
